2024-10-13 14:14:58.254 | INFO     | __main__:<module>:67 - Collection Count: 27
2024-10-13 14:14:58.268 | WARNING  | __main__:<module>:68 - Collection Peek: {'ids': ['《劳动法》-1234-#0', '《劳动法》-1234-#1', '《劳动法》-1234-#2', '《劳动法》-1234-#3', '《劳动法》-1234-#4', '《劳动法》-1234-#5', '《劳动法》-1234-#6', '《劳动法》-1234-#7', '《劳动法》-1234-#8', '《劳动法》-1234-#9'], 'embeddings': array([[-0.00144688,  0.05930723, -0.04078789, ...,  0.01382411,
        -0.03951195, -0.02027751],
       [ 0.01222394,  0.02860376, -0.04222752, ...,  0.0178902 ,
        -0.0329245 , -0.05343338],
       [-0.00669877,  0.02715497, -0.01654744, ..., -0.01586597,
        -0.01696135, -0.03379514],
       ...,
       [-0.04310308,  0.05463195, -0.00580941, ..., -0.00457828,
        -0.01923006, -0.04341217],
       [-0.03295935,  0.04085601, -0.01003457, ..., -0.01521957,
        -0.02919422, -0.04513759],
       [-0.02542973,  0.02355447, -0.02646793, ..., -0.00089632,
        -0.0506427 , -0.01534527]]), 'metadatas': [{'id': 1234}, {'id': 1234}, {'id': 1234}, {'id': 1234}, {'id': 1234}, {'id': 1234}, {'id': 1234}, {'id': 1234}, {'id': 1234}, {'id': 1234}], 'documents': ['中华人民共和国劳动法\n\n \n\n（1994年7月5日第八届全国人民代表大会常务委员会第八次会议通过\u3000根据2009年8月27日第十一届全国人民代表大会常务委员会第十次会议《关于修改部分法律的决定》第一次修正\u3000根据2018年12月29日第十三届全国人民代表大会常务委员会第七次会议《关于修改〈中华人民共和国劳动法〉等七部法律的决定》第二次修正）\n\n\n\n目\u3000\u3000录\n\n\u3000\u3000第一章\u3000总则\n\n\u3000\u3000第二章\u3000促进就业\n\n\u3000\u3000第三章\u3000劳动合同和集体合同\n\n\u3000\u3000第四章\u3000工作时间和休息休假\n\n\u3000\u3000第五章\u3000工资\n\n\u3000\u3000第六章\u3000劳动安全卫生\n\n\u3000\u3000第七章\u3000女职工和未成年工特殊保护\n\n\u3000\u3000第八章\u3000职业培训\n\n\u3000\u3000第九章\u3000社会保险和福利\n\n\u3000\u3000第十章\u3000劳动争议\n\n\u3000\u3000第十一章\u3000监督检查\n\n\u3000\u3000第十二章\u3000法律责任\n\n\u3000\u3000第十三章\u3000附则\n\n \n\n第一章\u3000总则\n\n\n\n\u3000\u3000第一条\u3000为了保护劳动者的合法权益，调整劳动关系，建立和维护适应社会主义市场经济的劳动制度，促进经济发展和社会进步，根据宪法，制定本法。\n\n\u3000\u3000第二条\u3000在中华人民共和国境内的企业、个体经济组织（以下统称用人单位）和与之形成劳动关系的劳动者，适用本法。', '第一章\u3000总则\n\n\n\n\u3000\u3000第一条\u3000为了保护劳动者的合法权益，调整劳动关系，建立和维护适应社会主义市场经济的劳动制度，促进经济发展和社会进步，根据宪法，制定本法。\n\n\u3000\u3000第二条\u3000在中华人民共和国境内的企业、个体经济组织（以下统称用人单位）和与之形成劳动关系的劳动者，适用本法。\n\n\u3000\u3000国家机关、事业组织、社会团体和与之建立劳动合同关系的劳动者，依照本法执行。\n\n\u3000\u3000第三条\u3000劳动者享有平等就业和选择职业的权利、取得劳动报酬的权利、休息休假的权利、获得劳动安全卫生保护的权利、接受职业技能培训的权利、享受社会保险和福利的权利、提请劳动争议处理的权利以及法律规定的其他劳动权利。\n\n\u3000\u3000劳动者应当完成劳动任务，提高职业技能，执行劳动安全卫生规程，遵守劳动纪律和职业道德。\n\n\u3000\u3000第四条\u3000用人单位应当依法建立和完善规章制度，保障劳动者享有劳动权利和履行劳动义务。\n\n\u3000\u3000第五条\u3000国家采取各种措施，促进劳动就业，发展职业教育，制定劳动标准，调节社会收入，完善社会保险，协调劳动关系，逐步提高劳动者的生活水平。', '第四条\u3000用人单位应当依法建立和完善规章制度，保障劳动者享有劳动权利和履行劳动义务。\n\n\u3000\u3000第五条\u3000国家采取各种措施，促进劳动就业，发展职业教育，制定劳动标准，调节社会收入，完善社会保险，协调劳动关系，逐步提高劳动者的生活水平。\n\n\u3000\u3000第六条\u3000国家提倡劳动者参加社会义务劳动，开展劳动竞赛和合理化建议活动，鼓励和保护劳动者进行科学研究、技术革新和发明创造，表彰和奖励劳动模范和先进工作者。\n\n\u3000\u3000第七条\u3000劳动者有权依法参加和组织工会。\n\n\u3000\u3000工会代表和维护劳动者的合法权益，依法独立自主地开展活动。\n\n\u3000\u3000第八条\u3000劳动者依照法律规定，通过职工大会、职工代表大会或者其他形式，参与民主管理或者就保护劳动者合法权益与用人单位进行平等协商。\n\n\u3000\u3000第九条\u3000国务院劳动行政部门主管全国劳动工作。\n\n\u3000\u3000县级以上地方人民政府劳动行政部门主管本行政区域内的劳动工作。\n\n \n\n第二章\u3000促进就业\n\n\n\n\u3000\u3000第十条\u3000国家通过促进经济和社会发展，创造就业条件，扩大就业机会。\n\n\u3000\u3000国家鼓励企业、事业组织、社会团体在法律、行政法规规定的范围内兴办产业或者拓展经营，增加就业。', '县级以上地方人民政府劳动行政部门主管本行政区域内的劳动工作。\n\n \n\n第二章\u3000促进就业\n\n\n\n\u3000\u3000第十条\u3000国家通过促进经济和社会发展，创造就业条件，扩大就业机会。\n\n\u3000\u3000国家鼓励企业、事业组织、社会团体在法律、行政法规规定的范围内兴办产业或者拓展经营，增加就业。\n\n\u3000\u3000国家支持劳动者自愿组织起来就业和从事个体经营实现就业。\n\n\u3000\u3000第十一条\u3000地方各级人民政府应当采取措施，发展多种类型的职业介绍机构，提供就业服务。\n\n\u3000\u3000第十二条\u3000劳动者就业，不因民族、种族、性别、宗教信仰不同而受歧视。\n\n\u3000\u3000第十三条\u3000妇女享有与男子平等的就业权利。在录用职工时，除国家规定的不适合妇女的工种或者岗位外，不得以性别为由拒绝录用妇女或者提高对妇女的录用标准。\n\n\u3000\u3000第十四条\u3000残疾人、少数民族人员、退出现役的军人的就业，法律、法规有特别规定的，从其规定。\n\n\u3000\u3000第十五条\u3000禁止用人单位招用未满十六周岁的未成年人。\n\n\u3000\u3000文艺、体育和特种工艺单位招用未满十六周岁的未成年人，必须遵守国家有关规定，并保障其接受义务教育的权利。\n\n \n\n第三章\u3000劳动合同和集体合同', '第十五条\u3000禁止用人单位招用未满十六周岁的未成年人。\n\n\u3000\u3000文艺、体育和特种工艺单位招用未满十六周岁的未成年人，必须遵守国家有关规定，并保障其接受义务教育的权利。\n\n \n\n第三章\u3000劳动合同和集体合同\n\n\n\n\u3000\u3000第十六条\u3000劳动合同是劳动者与用人单位确立劳动关系、明确双方权利和义务的协议。\n\n\u3000\u3000建立劳动关系应当订立劳动合同。\n\n\u3000\u3000第十七条\u3000订立和变更劳动合同，应当遵循平等自愿、协商一致的原则，不得违反法律、行政法规的规定。\n\n\u3000\u3000劳动合同依法订立即具有法律约束力，当事人必须履行劳动合同规定的义务。\n\n\u3000\u3000第十八条\u3000下列劳动合同无效：\n\n\u3000\u3000（一）违反法律、行政法规的劳动合同；\n\n\u3000\u3000（二）采取欺诈、威胁等手段订立的劳动合同。\n\n\u3000\u3000无效的劳动合同，从订立的时候起，就没有法律约束力。确认劳动合同部分无效的，如果不影响其余部分的效力，其余部分仍然有效。\n\n\u3000\u3000劳动合同的无效，由劳动争议仲裁委员会或者人民法院确认。\n\n\u3000\u3000第十九条\u3000劳动合同应当以书面形式订立，并具备以下条款：\n\n\u3000\u3000（一）劳动合同期限；\n\n\u3000\u3000（二）工作内容；\n\n\u3000\u3000（三）劳动保护和劳动条件；\n\n\u3000\u3000（四）劳动报酬；', '劳动合同的无效，由劳动争议仲裁委员会或者人民法院确认。\n\n\u3000\u3000第十九条\u3000劳动合同应当以书面形式订立，并具备以下条款：\n\n\u3000\u3000（一）劳动合同期限；\n\n\u3000\u3000（二）工作内容；\n\n\u3000\u3000（三）劳动保护和劳动条件；\n\n\u3000\u3000（四）劳动报酬；\n\n\u3000\u3000（五）劳动纪律；\n\n\u3000\u3000（六）劳动合同终止的条件；\n\n\u3000\u3000（七）违反劳动合同的责任。\n\n\u3000\u3000劳动合同除前款规定的必备条款外，当事人可以协商约定其他内容。\n\n\u3000\u3000第二十条\u3000劳动合同的期限分为有固定期限、无固定期限和以完成一定的工作为期限。\n\n\u3000\u3000劳动者在同一用人单位连续工作满十年以上，当事人双方同意续延劳动合同的，如果劳动者提出订立无固定期限的劳动合同，应当订立无固定期限的劳动合同。\n\n\u3000\u3000第二十一条\u3000劳动合同可以约定试用期。试用期最长不得超过六个月。\n\n\u3000\u3000第二十二条\u3000劳动合同当事人可以在劳动合同中约定保守用人单位商业秘密的有关事项。\n\n\u3000\u3000第二十三条\u3000劳动合同期满或者当事人约定的劳动合同终止条件出现，劳动合同即行终止。\n\n\u3000\u3000第二十四条\u3000经劳动合同当事人协商一致，劳动合同可以解除。', '第二十二条\u3000劳动合同当事人可以在劳动合同中约定保守用人单位商业秘密的有关事项。\n\n\u3000\u3000第二十三条\u3000劳动合同期满或者当事人约定的劳动合同终止条件出现，劳动合同即行终止。\n\n\u3000\u3000第二十四条\u3000经劳动合同当事人协商一致，劳动合同可以解除。\n\n\u3000\u3000第二十五条\u3000劳动者有下列情形之一的，用人单位可以解除劳动合同：\n\n\u3000\u3000（一）在试用期间被证明不符合录用条件的；\n\n\u3000\u3000（二）严重违反劳动纪律或者用人单位规章制度的；\n\n\u3000\u3000（三）严重失职，营私舞弊，对用人单位利益造成重大损害的；\n\n\u3000\u3000（四）被依法追究刑事责任的。\n\n\u3000\u3000第二十六条\u3000有下列情形之一的，用人单位可以解除劳动合同，但是应当提前三十日以书面形式通知劳动者本人：\n\n\u3000\u3000（一）劳动者患病或者非因工负伤，医疗期满后，不能从事原工作也不能从事由用人单位另行安排的工作的；\n\n\u3000\u3000（二）劳动者不能胜任工作，经过培训或者调整工作岗位，仍不能胜任工作的；\n\n\u3000\u3000（三）劳动合同订立时所依据的客观情况发生重大变化，致使原劳动合同无法履行，经当事人协商不能就变更劳动合同达成协议的。', '（二）劳动者不能胜任工作，经过培训或者调整工作岗位，仍不能胜任工作的；\n\n\u3000\u3000（三）劳动合同订立时所依据的客观情况发生重大变化，致使原劳动合同无法履行，经当事人协商不能就变更劳动合同达成协议的。\n\n\u3000\u3000第二十七条\u3000用人单位濒临破产进行法定整顿期间或者生产经营状况发生严重困难，确需裁减人员的，应当提前三十日向工会或者全体职工说明情况，听取工会或者职工的意见，经向劳动行政部门报告后，可以裁减人员。\n\n\u3000\u3000用人单位依据本条规定裁减人员，在六个月内录用人员的，应当优先录用被裁减的人员。\n\n\u3000\u3000第二十八条\u3000用人单位依据本法第二十四条、第二十六条、第二十七条的规定解除劳动合同的，应当依照国家有关规定给予经济补偿。\n\n\u3000\u3000第二十九条\u3000劳动者有下列情形之一的，用人单位不得依据本法第二十六条、第二十七条的规定解除劳动合同：\n\n\u3000\u3000（一）患职业病或者因工负伤并被确认丧失或者部分丧失劳动能力的；\n\n\u3000\u3000（二）患病或者负伤，在规定的医疗期内的；\n\n\u3000\u3000（三）女职工在孕期、产期、哺乳期内的；\n\n\u3000\u3000（四）法律、行政法规规定的其他情形。', '（一）患职业病或者因工负伤并被确认丧失或者部分丧失劳动能力的；\n\n\u3000\u3000（二）患病或者负伤，在规定的医疗期内的；\n\n\u3000\u3000（三）女职工在孕期、产期、哺乳期内的；\n\n\u3000\u3000（四）法律、行政法规规定的其他情形。\n\n\u3000\u3000第三十条\u3000用人单位解除劳动合同，工会认为不适当的，有权提出意见。如果用人单位违反法律、法规或者劳动合同，工会有权要求重新处理；劳动者申请仲裁或者提起诉讼的，工会应当依法给予支持和帮助。\n\n\u3000\u3000第三十一条\u3000劳动者解除劳动合同，应当提前三十日以书面形式通知用人单位。\n\n\u3000\u3000第三十二条\u3000有下列情形之一的，劳动者可以随时通知用人单位解除劳动合同：\n\n\u3000\u3000（一）在试用期内的；\n\n\u3000\u3000（二）用人单位以暴力、威胁或者非法限制人身自由的手段强迫劳动的；\n\n\u3000\u3000（三）用人单位未按照劳动合同约定支付劳动报酬或者提供劳动条件的。\n\n\u3000\u3000第三十三条\u3000企业职工一方与企业可以就劳动报酬、工作时间、休息休假、劳动安全卫生、保险福利等事项，签订集体合同。集体合同草案应当提交职工代表大会或者全体职工讨论通过。\n\n\u3000\u3000集体合同由工会代表职工与企业签订；没有建立工会的企业，由职工推举的代表与企业签订。', '第三十三条\u3000企业职工一方与企业可以就劳动报酬、工作时间、休息休假、劳动安全卫生、保险福利等事项，签订集体合同。集体合同草案应当提交职工代表大会或者全体职工讨论通过。\n\n\u3000\u3000集体合同由工会代表职工与企业签订；没有建立工会的企业，由职工推举的代表与企业签订。\n\n\u3000\u3000第三十四条\u3000集体合同签订后应当报送劳动行政部门；劳动行政部门自收到集体合同文本之日起十五日内未提出异议的，集体合同即行生效。\n\n\u3000\u3000第三十五条\u3000依法签订的集体合同对企业和企业全体职工具有约束力。职工个人与企业订立的劳动合同中劳动条件和劳动报酬等标准不得低于集体合同的规定。\n\n \n\n第四章\u3000工作时间和休息休假\n\n\n\n\u3000\u3000第三十六条\u3000国家实行劳动者每日工作时间不超过八小时、平均每周工作时间不超过四十四小时的工时制度。\n\n\u3000\u3000第三十七条\u3000对实行计件工作的劳动者，用人单位应当根据本法第三十六条规定的工时制度合理确定其劳动\n\n\u3000\u3000定额和计件报酬标准。\n\n\u3000\u3000第三十八条\u3000用人单位应当保证劳动者每周至少休息一日。\n\n\u3000\u3000第三十九条\u3000企业因生产特点不能实行本法第三十六条、第三十八条规定的，经劳动行政部门批准，可以实行其他工作和休息办法。'], 'uris': None, 'data': None, 'included': ['embeddings', 'metadatas', 'documents']}
2024-10-13 14:19:59.420 | INFO     | __main__:<module>:67 - Collection Count: 27
2024-10-13 16:30:21.857 | ERROR    | main:delete_collection:69 - 文档集 new_collection 不存在！
2024-10-13 16:30:21.857 | ERROR    | main:delete_collection:69 - 文档集 new_collection 不存在！
2024-10-13 16:49:44.547 | ERROR    | main:add_document_to_collection:111 - 错误信息: Expected metadata to be a non-empty dict, got 0 metadata attributes
2024-10-13 16:49:44.547 | ERROR    | main:add_document_to_collection:111 - 错误信息: Expected metadata to be a non-empty dict, got 0 metadata attributes
2024-10-13 16:52:58.746 | ERROR    | main:add_document_to_collection:110 - 错误信息: 'NoneType' object has no attribute 'get'
2024-10-13 16:52:58.746 | ERROR    | main:add_document_to_collection:110 - 错误信息: 'NoneType' object has no attribute 'get'
2024-10-13 18:50:23.954 | ERROR    | main:get_chunks:155 - 错误信息: Expected where to have exactly one operator, got {'document_id': '12345', 'document_name': '《劳动法》'}
2024-10-13 18:50:23.954 | ERROR    | main:get_chunks:155 - 错误信息: Expected where to have exactly one operator, got {'document_id': '12345', 'document_name': '《劳动法》'}
2024-10-13 18:56:27.327 | ERROR    | main:get_chunks:149 - 参数 document_id 和 document_name 必须二选一。
2024-10-13 18:56:27.327 | ERROR    | main:get_chunks:149 - 参数 document_id 和 document_name 必须二选一。
2024-10-13 18:56:29.159 | ERROR    | main:get_chunks:149 - 参数 document_id 和 document_name 必须二选一。
2024-10-13 18:56:29.159 | ERROR    | main:get_chunks:149 - 参数 document_id 和 document_name 必须二选一。
2024-10-13 18:57:13.695 | ERROR    | main:get_chunks:149 - 参数 document_id 和 document_name 必须二选一。
2024-10-13 18:57:13.695 | ERROR    | main:get_chunks:149 - 参数 document_id 和 document_name 必须二选一。
2024-10-13 18:57:19.102 | ERROR    | main:get_chunks:142 - 参数 document_id 和 document_name 必须二选一。
2024-10-13 18:57:19.102 | ERROR    | main:get_chunks:142 - 参数 document_id 和 document_name 必须二选一。
2024-10-13 19:01:29.383 | ERROR    | main:get_chunks:142 - 参数 document_id 和 document_name 必须二选一。
2024-10-13 19:01:29.383 | ERROR    | main:get_chunks:142 - 参数 document_id 和 document_name 必须二选一。
2024-10-13 19:01:53.193 | ERROR    | main:delete_chunks:182 - 参数 document_id 和 document_name 必须二选一。
2024-10-13 19:01:53.193 | ERROR    | main:delete_chunks:182 - 参数 document_id 和 document_name 必须二选一。
2024-10-13 19:01:57.188 | ERROR    | main:delete_chunks:182 - 参数 document_id 和 document_name 必须二选一。
2024-10-13 19:01:57.188 | ERROR    | main:delete_chunks:182 - 参数 document_id 和 document_name 必须二选一。
2024-10-13 19:02:15.672 | ERROR    | main:get_chunks:142 - 参数 document_id 和 document_name 必须二选一。
2024-10-13 19:02:15.672 | ERROR    | main:get_chunks:142 - 参数 document_id 和 document_name 必须二选一。
2024-10-13 22:50:01.881 | ERROR    | main:create_collection:42 - 文档集 new_collection 已经存在！
2024-10-13 22:50:01.881 | ERROR    | main:create_collection:42 - 文档集 new_collection 已经存在！
2024-10-13 22:52:24.753 | ERROR    | main:create_collection:42 - 文档集 new_collection 已经存在！
2024-10-13 22:52:24.753 | ERROR    | main:create_collection:42 - 文档集 new_collection 已经存在！
2024-10-13 22:53:07.578 | ERROR    | main:create_collection:42 - 文档集 new_collection 已经存在！
2024-10-13 22:53:07.578 | ERROR    | main:create_collection:42 - 文档集 new_collection 已经存在！
2024-10-13 22:54:22.044 | ERROR    | main:create_collection:42 - 文档集 new_collection 已经存在！
2024-10-13 22:54:22.044 | ERROR    | main:create_collection:42 - 文档集 new_collection 已经存在！
2024-10-13 22:56:08.055 | ERROR    | main:create_collection:42 - 文档集 new_collection 已经存在！
2024-10-13 22:56:08.055 | ERROR    | main:create_collection:42 - 文档集 new_collection 已经存在！
2024-10-13 22:59:20.057 | ERROR    | main:create_collection:42 - 文档集 new_collection 已经存在！
2024-10-13 22:59:20.057 | ERROR    | main:create_collection:42 - 文档集 new_collection 已经存在！
2024-10-13 23:00:19.395 | ERROR    | main:create_collection:42 - 文档集 new_collection 已经存在！
2024-10-13 23:00:19.395 | ERROR    | main:create_collection:42 - 文档集 new_collection 已经存在！
2024-10-13 23:00:38.446 | ERROR    | main:create_collection:42 - 文档集 new_collection 已经存在！
2024-10-13 23:00:38.446 | ERROR    | main:create_collection:42 - 文档集 new_collection 已经存在！
2024-10-13 23:01:14.001 | ERROR    | main:create_collection:42 - 文档集 new_collection 已经存在！
2024-10-13 23:01:14.001 | ERROR    | main:create_collection:42 - 文档集 new_collection 已经存在！
2024-10-13 23:01:44.928 | ERROR    | main:create_collection:42 - 文档集 new_collection 已经存在！
2024-10-13 23:01:44.928 | ERROR    | main:create_collection:42 - 文档集 new_collection 已经存在！
2024-10-13 23:04:33.276 | ERROR    | main:create_collection:42 - 文档集 new_collection 已经存在！
2024-10-13 23:04:33.276 | ERROR    | main:create_collection:42 - 文档集 new_collection 已经存在！
2024-10-13 23:05:09.277 | ERROR    | main:get_collection:64 - 文档集 new_collection 不存在！
2024-10-13 23:05:09.277 | ERROR    | main:get_collection:64 - 文档集 new_collection 不存在！
2024-10-13 23:07:00.619 | ERROR    | main:get_collection:64 - 文档集 new_collection 不存在！
2024-10-13 23:07:00.619 | ERROR    | main:get_collection:64 - 文档集 new_collection 不存在！
2024-10-13 23:07:46.126 | ERROR    | main:get_collection:64 - 文档集 new_collection 不存在！
2024-10-13 23:07:46.126 | ERROR    | main:get_collection:64 - 文档集 new_collection 不存在！
2024-10-13 23:08:45.937 | ERROR    | main:get_collection:64 - 文档集 new_collection 不存在！
2024-10-13 23:08:45.937 | ERROR    | main:get_collection:64 - 文档集 new_collection 不存在！
2024-10-13 23:08:59.813 | ERROR    | main:get_collection:64 - 文档集 new_collection 不存在！
2024-10-13 23:08:59.813 | ERROR    | main:get_collection:64 - 文档集 new_collection 不存在！
2024-10-13 23:09:01.868 | ERROR    | main:delete_collection:86 - 文档集 new_collection 不存在！
2024-10-13 23:09:01.868 | ERROR    | main:delete_collection:86 - 文档集 new_collection 不存在！
2024-10-13 23:18:16.530 | ERROR    | main:create_collection:42 - 文档集 new_collection 已经存在！
2024-10-13 23:18:16.530 | ERROR    | main:create_collection:42 - 文档集 new_collection 已经存在！
2024-10-13 23:24:03.139 | ERROR    | main:get_chunks:154 - 参数 document_id 和 document_name 必须二选一。
2024-10-13 23:24:03.139 | ERROR    | main:get_chunks:154 - 参数 document_id 和 document_name 必须二选一。
2024-10-13 23:26:03.217 | ERROR    | main:get_chunks:161 - 参数 document_id 和 document_name 最多选一个。
2024-10-13 23:26:03.217 | ERROR    | main:get_chunks:161 - 参数 document_id 和 document_name 最多选一个。
2024-10-13 23:56:56.076 | ERROR    | main:create_collection:42 - 文档集 new 已经存在！
2024-10-13 23:56:56.076 | ERROR    | main:create_collection:42 - 文档集 new 已经存在！
2024-10-13 23:58:07.635 | ERROR    | main:create_collection:42 - 文档集 new 已经存在！
2024-10-13 23:58:07.635 | ERROR    | main:create_collection:42 - 文档集 new 已经存在！
2024-10-13 23:58:36.026 | ERROR    | main:create_collection:42 - 文档集 new 已经存在！
2024-10-13 23:58:36.026 | ERROR    | main:create_collection:42 - 文档集 new 已经存在！
2024-10-13 23:59:52.637 | ERROR    | main:create_collection:42 - 文档集 new 已经存在！
2024-10-13 23:59:52.637 | ERROR    | main:create_collection:42 - 文档集 new 已经存在！
2024-10-14 00:08:57.770 | ERROR    | main:delete_collection:86 - 文档集 news 不存在！
2024-10-14 00:08:57.770 | ERROR    | main:delete_collection:86 - 文档集 news 不存在！
2024-10-14 00:09:08.741 | ERROR    | main:delete_collection:86 - 文档集 new 不存在！
2024-10-14 00:09:08.741 | ERROR    | main:delete_collection:86 - 文档集 new 不存在！
2024-10-14 00:09:15.902 | ERROR    | main:get_collection:64 - 文档集 new 不存在！
2024-10-14 00:09:15.902 | ERROR    | main:get_collection:64 - 文档集 new 不存在！
2024-10-15 11:02:26.435 | ERROR    | main:create_collection:42 - 文档集 new 已经存在！
2024-10-15 11:02:26.435 | ERROR    | main:create_collection:42 - 文档集 new 已经存在！
2024-10-15 11:12:55.379 | ERROR    | main:get_collection:64 - 文档集 111 不存在！
2024-10-15 11:12:55.379 | ERROR    | main:get_collection:64 - 文档集 111 不存在！
2024-10-15 11:12:58.736 | ERROR    | main:delete_collection:86 - 文档集 111 不存在！
2024-10-15 11:12:58.736 | ERROR    | main:delete_collection:86 - 文档集 111 不存在！
2024-10-15 11:22:30.742 | ERROR    | main:get_collection:64 - 文档集 222 不存在！
2024-10-15 11:22:30.742 | ERROR    | main:get_collection:64 - 文档集 222 不存在！
2024-10-15 11:22:35.804 | ERROR    | main:get_collection:64 - 文档集 111 不存在！
2024-10-15 11:22:35.804 | ERROR    | main:get_collection:64 - 文档集 111 不存在！
2024-10-15 11:22:43.154 | ERROR    | main:get_collection:64 - 文档集 new 不存在！
2024-10-15 11:22:43.154 | ERROR    | main:get_collection:64 - 文档集 new 不存在！
2024-10-15 11:22:54.347 | ERROR    | main:get_collection:64 - 文档集 new_collection 不存在！
2024-10-15 11:22:54.347 | ERROR    | main:get_collection:64 - 文档集 new_collection 不存在！
2024-10-15 11:40:28.076 | ERROR    | main:add_document_to_collection:109 - 文档集 1 不存在！
2024-10-15 11:40:28.076 | ERROR    | main:add_document_to_collection:109 - 文档集 1 不存在！
2024-10-15 12:03:41.778 | ERROR    | main:get_chunks:194 - 文档集 去 不存在！
2024-10-15 12:03:41.778 | ERROR    | main:get_chunks:194 - 文档集 去 不存在！
2024-10-15 12:49:44.039 | ERROR    | main:delete_document:241 - 文档集 v 不存在！
2024-10-15 12:49:44.039 | ERROR    | main:delete_document:241 - 文档集 v 不存在！
2024-10-15 13:22:15.142 | ERROR    | main:query:301 - 错误信息: Expected where to be a dict, got 3
2024-10-15 13:22:15.142 | ERROR    | main:query:301 - 错误信息: Expected where to be a dict, got 3
2024-10-15 14:31:25.854 | ERROR    | main:create_collection:42 - 文档集 new 已经存在！
2024-10-15 14:31:25.854 | ERROR    | main:create_collection:42 - 文档集 new 已经存在！
2024-10-21 11:24:58.189 | ERROR    | main:add_document_to_collection:177 - 文档ID 1234 已经存在！
2024-10-21 11:24:58.189 | ERROR    | main:add_document_to_collection:177 - 文档ID 1234 已经存在！
2024-12-15 20:41:00.980 | ERROR    | main:create_collection:77 - 文档集 law 已经存在！
2024-12-15 20:41:00.980 | ERROR    | main:create_collection:77 - 文档集 law 已经存在！
2024-12-15 20:46:14.014 | ERROR    | main:create_collection:77 - 文档集 law 已经存在！
2024-12-15 20:46:14.014 | ERROR    | main:create_collection:77 - 文档集 law 已经存在！
